<?xml version="1.0" encoding="UTF-8"?>
<testng-results ignored="0" total="4" passed="4" failed="0" skipped="0">
  <reporter-output>
  </reporter-output>
  <suite started-at="2023-03-13T12:49:39 IST" name="Suite" finished-at="2023-03-13T12:49:39 IST" duration-ms="96">
    <groups>
    </groups>
    <test started-at="2023-03-13T12:49:39 IST" name="Test" finished-at="2023-03-13T12:49:39 IST" duration-ms="96">
      <class name="com.gitPractise.JenkinPractise1Test">
        <test-method signature="test1()[pri:0, instance:com.gitPractise.JenkinPractise1Test@4de4b452]" started-at="2023-03-13T12:49:39 IST" name="test1" finished-at="2023-03-13T12:49:39 IST" duration-ms="2" status="PASS">
          <reporter-output>
          </reporter-output>
        </test-method> <!-- test1 -->
        <test-method signature="test2()[pri:0, instance:com.gitPractise.JenkinPractise1Test@4de4b452]" started-at="2023-03-13T12:49:39 IST" name="test2" finished-at="2023-03-13T12:49:39 IST" duration-ms="2" status="PASS">
          <reporter-output>
          </reporter-output>
        </test-method> <!-- test2 -->
      </class> <!-- com.gitPractise.JenkinPractise1Test -->
      <class name="com.gitPractise.JenkinPractise2Test">
        <test-method signature="test1()[pri:0, instance:com.gitPractise.JenkinPractise2Test@1cbb87f3]" started-at="2023-03-13T12:49:39 IST" name="test1" finished-at="2023-03-13T12:49:39 IST" duration-ms="11" status="PASS">
          <reporter-output>
          </reporter-output>
        </test-method> <!-- test1 -->
        <test-method signature="test2()[pri:0, instance:com.gitPractise.JenkinPractise2Test@1cbb87f3]" started-at="2023-03-13T12:49:39 IST" name="test2" finished-at="2023-03-13T12:49:39 IST" duration-ms="3" status="PASS">
          <reporter-output>
          </reporter-output>
        </test-method> <!-- test2 -->
      </class> <!-- com.gitPractise.JenkinPractise2Test -->
    </test> <!-- Test -->
  </suite> <!-- Suite -->
</testng-results>
